This file contains any messages produced by compilers while
running configure, to aid debugging if configure makes a mistake.

It was created by configure, which was
generated by GNU Autoconf 2.59.  Invocation command line was

  $ ./configure --x-includes=/usr/include --x-libraries=/usr/lib/x86_64-linux-gnu

## --------- ##
## Platform. ##
## --------- ##

hostname = lnx
uname -m = x86_64
uname -r = 6.17.0-19-generic
uname -s = Linux
uname -v = #19-Ubuntu SMP PREEMPT_DYNAMIC Fri Mar  6 14:02:58 UTC 2026

/usr/bin/uname -p = unknown
/bin/uname -X     = unknown

/bin/arch              = x86_64
/usr/bin/arch -k       = unknown
/usr/convex/getsysinfo = unknown
hostinfo               = unknown
/bin/machine           = unknown
/usr/bin/oslevel       = unknown
/bin/universe          = unknown

PATH: /home/merck/.cargo/bin
PATH: /home/merck/.local/bin
PATH: /home/merck/bin
PATH: /usr/local/sbin
PATH: /usr/local/bin
PATH: /usr/sbin
PATH: /usr/bin
PATH: /sbin
PATH: /bin
PATH: /usr/games
PATH: /usr/local/games
PATH: /snap/bin
PATH: /snap/bin
PATH: /home/merck/Sw/depot_tools
PATH: /home/merck/Android/Sdk/platform-tools
PATH: /home/merck/Android/Sdk/ndk/29.0.14206865


## ----------- ##
## Core tests. ##
## ----------- ##

configure:1326: checking build system type
configure:1344: result: x86_64-pc-linux-gnu
configure:1352: checking host system type
configure:1366: result: x86_64-pc-linux-gnu
configure:1683: checking for g++
configure:1699: found /usr/bin/g++
configure:1709: result: g++
configure:1725: checking for C++ compiler version
configure:1728: g++ --version </dev/null >&5
g++ (Ubuntu 15.2.0-4ubuntu4) 15.2.0
Copyright (C) 2025 Free Software Foundation, Inc.
This is free software; see the source for copying conditions.  There is NO
warranty; not even for MERCHANTABILITY or FITNESS FOR A PARTICULAR PURPOSE.

configure:1731: $? = 0
configure:1733: g++ -v </dev/null >&5
Using built-in specs.
COLLECT_GCC=g++
COLLECT_LTO_WRAPPER=/usr/libexec/gcc/x86_64-linux-gnu/15/lto-wrapper
OFFLOAD_TARGET_NAMES=nvptx-none:amdgcn-amdhsa
OFFLOAD_TARGET_DEFAULT=1
Target: x86_64-linux-gnu
Configured with: ../src/configure -v --with-pkgversion='Ubuntu 15.2.0-4ubuntu4' --with-bugurl=file:///usr/share/doc/gcc-15/README.Bugs --enable-languages=c,ada,c++,go,d,fortran,objc,obj-c++,m2,rust,cobol,algol68 --prefix=/usr --with-gcc-major-version-only --program-suffix=-15 --program-prefix=x86_64-linux-gnu- --enable-shared --enable-linker-build-id --libexecdir=/usr/libexec --without-included-gettext --enable-threads=posix --libdir=/usr/lib --enable-nls --enable-bootstrap --enable-clocale=gnu --enable-libstdcxx-debug --enable-libstdcxx-time=yes --with-default-libstdcxx-abi=new --enable-libstdcxx-backtrace --enable-gnu-unique-object --disable-vtable-verify --enable-plugin --enable-default-pie --with-system-zlib --enable-libphobos-checking=release --with-target-system-zlib=auto --enable-objc-gc=auto --enable-multiarch --disable-werror --enable-cet --with-arch-32=i686 --with-abi=m64 --with-multilib-list=m32,m64,mx32 --enable-multilib --with-tune=generic --enable-offload-targets=nvptx-none=/build/gcc-15-deiAlw/gcc-15-15.2.0/debian/tmp-nvptx/usr,amdgcn-amdhsa=/build/gcc-15-deiAlw/gcc-15-15.2.0/debian/tmp-gcn/usr --enable-offload-defaulted --without-cuda-driver --enable-checking=release --build=x86_64-linux-gnu --host=x86_64-linux-gnu --target=x86_64-linux-gnu --with-build-config=bootstrap-lto-lean --enable-link-serialization=2
Thread model: posix
Supported LTO compression algorithms: zlib zstd
gcc version 15.2.0 (Ubuntu 15.2.0-4ubuntu4) 
configure:1736: $? = 0
configure:1738: g++ -V </dev/null >&5
g++: error: unrecognized command-line option '-V'
g++: fatal error: no input files
compilation terminated.
configure:1741: $? = 1
configure:1764: checking for C++ compiler default output file name
configure:1767: g++    conftest.cc  >&5
configure:1770: $? = 0
configure:1816: result: a.out
configure:1821: checking whether the C++ compiler works
configure:1827: ./a.out
configure:1830: $? = 0
configure:1847: result: yes
configure:1854: checking whether we are cross compiling
configure:1856: result: no
configure:1859: checking for suffix of executables
configure:1861: g++ -o conftest    conftest.cc  >&5
configure:1864: $? = 0
configure:1889: result: 
configure:1895: checking for suffix of object files
configure:1916: g++ -c   conftest.cc >&5
configure:1919: $? = 0
configure:1941: result: o
configure:1945: checking whether we are using the GNU C++ compiler
configure:1969: g++ -c   conftest.cc >&5
configure:1975: $? = 0
configure:1979: test -z 
			 || test ! -s conftest.err
configure:1982: $? = 0
configure:1985: test -s conftest.o
configure:1988: $? = 0
configure:2001: result: yes
configure:2007: checking whether g++ accepts -g
configure:2028: g++ -c -g  conftest.cc >&5
configure:2034: $? = 0
configure:2038: test -z 
			 || test ! -s conftest.err
configure:2041: $? = 0
configure:2044: test -s conftest.o
configure:2047: $? = 0
configure:2058: result: yes
configure:2100: g++ -c -g -O2  conftest.cc >&5
configure:2106: $? = 0
configure:2110: test -z 
			 || test ! -s conftest.err
configure:2113: $? = 0
configure:2116: test -s conftest.o
configure:2119: $? = 0
configure:2145: g++ -c -g -O2  conftest.cc >&5
conftest.cc: In function 'int main()':
conftest.cc:13:1: error: 'exit' was not declared in this scope
   13 | exit (42);
      | ^~~~
conftest.cc:1:1: note: 'exit' is defined in header '<cstdlib>'; this is probably fixable by adding '#include <cstdlib>'
    1 | /* confdefs.h.  */
configure:2151: $? = 1
configure: failed program was:
| /* confdefs.h.  */
| 
| #define PACKAGE_NAME ""
| #define PACKAGE_TARNAME ""
| #define PACKAGE_VERSION ""
| #define PACKAGE_STRING ""
| #define PACKAGE_BUGREPORT ""
| /* end confdefs.h.  */
| 
| int
| main ()
| {
| exit (42);
|   ;
|   return 0;
| }
configure:2100: g++ -c -g -O2  conftest.cc >&5
conftest.cc:9:17: warning: 'void std::exit(int)' has not been declared within 'std'
    9 | extern "C" void std::exit (int) throw (); using std::exit;
      |                 ^~~
<built-in>: note: only here as a 'friend'
configure:2106: $? = 0
configure:2110: test -z 
			 || test ! -s conftest.err
configure:2113: $? = 0
configure:2116: test -s conftest.o
configure:2119: $? = 0
configure:2145: g++ -c -g -O2  conftest.cc >&5
conftest.cc:9:17: warning: 'void std::exit(int)' has not been declared within 'std'
    9 | extern "C" void std::exit (int) throw (); using std::exit;
      |                 ^~~
<built-in>: note: only here as a 'friend'
configure:2151: $? = 0
configure:2155: test -z 
			 || test ! -s conftest.err
configure:2158: $? = 0
configure:2161: test -s conftest.o
configure:2164: $? = 0
configure:2234: checking for gcc
configure:2250: found /usr/bin/gcc
configure:2260: result: gcc
configure:2504: checking for C compiler version
configure:2507: gcc --version </dev/null >&5
gcc (Ubuntu 15.2.0-4ubuntu4) 15.2.0
Copyright (C) 2025 Free Software Foundation, Inc.
This is free software; see the source for copying conditions.  There is NO
warranty; not even for MERCHANTABILITY or FITNESS FOR A PARTICULAR PURPOSE.

configure:2510: $? = 0
configure:2512: gcc -v </dev/null >&5
Using built-in specs.
COLLECT_GCC=gcc
COLLECT_LTO_WRAPPER=/usr/libexec/gcc/x86_64-linux-gnu/15/lto-wrapper
OFFLOAD_TARGET_NAMES=nvptx-none:amdgcn-amdhsa
OFFLOAD_TARGET_DEFAULT=1
Target: x86_64-linux-gnu
Configured with: ../src/configure -v --with-pkgversion='Ubuntu 15.2.0-4ubuntu4' --with-bugurl=file:///usr/share/doc/gcc-15/README.Bugs --enable-languages=c,ada,c++,go,d,fortran,objc,obj-c++,m2,rust,cobol,algol68 --prefix=/usr --with-gcc-major-version-only --program-suffix=-15 --program-prefix=x86_64-linux-gnu- --enable-shared --enable-linker-build-id --libexecdir=/usr/libexec --without-included-gettext --enable-threads=posix --libdir=/usr/lib --enable-nls --enable-bootstrap --enable-clocale=gnu --enable-libstdcxx-debug --enable-libstdcxx-time=yes --with-default-libstdcxx-abi=new --enable-libstdcxx-backtrace --enable-gnu-unique-object --disable-vtable-verify --enable-plugin --enable-default-pie --with-system-zlib --enable-libphobos-checking=release --with-target-system-zlib=auto --enable-objc-gc=auto --enable-multiarch --disable-werror --enable-cet --with-arch-32=i686 --with-abi=m64 --with-multilib-list=m32,m64,mx32 --enable-multilib --with-tune=generic --enable-offload-targets=nvptx-none=/build/gcc-15-deiAlw/gcc-15-15.2.0/debian/tmp-nvptx/usr,amdgcn-amdhsa=/build/gcc-15-deiAlw/gcc-15-15.2.0/debian/tmp-gcn/usr --enable-offload-defaulted --without-cuda-driver --enable-checking=release --build=x86_64-linux-gnu --host=x86_64-linux-gnu --target=x86_64-linux-gnu --with-build-config=bootstrap-lto-lean --enable-link-serialization=2
Thread model: posix
Supported LTO compression algorithms: zlib zstd
gcc version 15.2.0 (Ubuntu 15.2.0-4ubuntu4) 
configure:2515: $? = 0
configure:2517: gcc -V </dev/null >&5
gcc: error: unrecognized command-line option '-V'
gcc: fatal error: no input files
compilation terminated.
configure:2520: $? = 1
configure:2523: checking whether we are using the GNU C compiler
configure:2547: gcc -c   conftest.c >&5
configure:2553: $? = 0
configure:2557: test -z 
			 || test ! -s conftest.err
configure:2560: $? = 0
configure:2563: test -s conftest.o
configure:2566: $? = 0
configure:2579: result: yes
configure:2585: checking whether gcc accepts -g
configure:2606: gcc -c -g  conftest.c >&5
configure:2612: $? = 0
configure:2616: test -z 
			 || test ! -s conftest.err
configure:2619: $? = 0
configure:2622: test -s conftest.o
configure:2625: $? = 0
configure:2636: result: yes
configure:2653: checking for gcc option to accept ANSI C
configure:2723: gcc  -c -g -O2  conftest.c >&5
conftest.c: In function 'e':
conftest.c:19:14: warning: old-style function definition [-Wold-style-definition]
   19 | static char *e (p, i)
      |              ^
configure:2729: $? = 0
configure:2733: test -z 
			 || test ! -s conftest.err
configure:2736: $? = 0
configure:2739: test -s conftest.o
configure:2742: $? = 0
configure:2760: result: none needed
configure:2778: gcc -c -g -O2  conftest.c >&5
conftest.c:2:3: error: unknown type name 'choke'
    2 |   choke me
      |   ^~~~~
conftest.c:2:3: error: expected '=', ',', ';', 'asm' or '__attribute__' at end of input
configure:2784: $? = 1
configure: failed program was:
| #ifndef __cplusplus
|   choke me
| #endif
configure:2923: checking how to run the C++ preprocessor
configure:2954: g++ -E  conftest.cc
configure:2960: $? = 0
configure:2992: g++ -E  conftest.cc
conftest.cc:12:10: fatal error: ac_nonexistent.h: No such file or directory
   12 | #include <ac_nonexistent.h>
      |          ^~~~~~~~~~~~~~~~~~
compilation terminated.
configure:2998: $? = 1
configure: failed program was:
| /* confdefs.h.  */
| 
| #define PACKAGE_NAME ""
| #define PACKAGE_TARNAME ""
| #define PACKAGE_VERSION ""
| #define PACKAGE_STRING ""
| #define PACKAGE_BUGREPORT ""
| #ifdef __cplusplus
| extern "C" void std::exit (int) throw (); using std::exit;
| #endif
| /* end confdefs.h.  */
| #include <ac_nonexistent.h>
configure:3037: result: g++ -E
configure:3061: g++ -E  conftest.cc
configure:3067: $? = 0
configure:3099: g++ -E  conftest.cc
conftest.cc:12:10: fatal error: ac_nonexistent.h: No such file or directory
   12 | #include <ac_nonexistent.h>
      |          ^~~~~~~~~~~~~~~~~~
compilation terminated.
configure:3105: $? = 1
configure: failed program was:
| /* confdefs.h.  */
| 
| #define PACKAGE_NAME ""
| #define PACKAGE_TARNAME ""
| #define PACKAGE_VERSION ""
| #define PACKAGE_STRING ""
| #define PACKAGE_BUGREPORT ""
| #ifdef __cplusplus
| extern "C" void std::exit (int) throw (); using std::exit;
| #endif
| /* end confdefs.h.  */
| #include <ac_nonexistent.h>
configure:3190: checking for ranlib
configure:3206: found /usr/bin/ranlib
configure:3217: result: ranlib
configure:3236: checking how to run the C preprocessor
configure:3271: gcc -E  conftest.c
configure:3277: $? = 0
configure:3309: gcc -E  conftest.c
conftest.c:12:10: fatal error: ac_nonexistent.h: No such file or directory
   12 | #include <ac_nonexistent.h>
      |          ^~~~~~~~~~~~~~~~~~
compilation terminated.
configure:3315: $? = 1
configure: failed program was:
| /* confdefs.h.  */
| 
| #define PACKAGE_NAME ""
| #define PACKAGE_TARNAME ""
| #define PACKAGE_VERSION ""
| #define PACKAGE_STRING ""
| #define PACKAGE_BUGREPORT ""
| #ifdef __cplusplus
| extern "C" void std::exit (int) throw (); using std::exit;
| #endif
| /* end confdefs.h.  */
| #include <ac_nonexistent.h>
configure:3354: result: gcc -E
configure:3378: gcc -E  conftest.c
configure:3384: $? = 0
configure:3416: gcc -E  conftest.c
conftest.c:12:10: fatal error: ac_nonexistent.h: No such file or directory
   12 | #include <ac_nonexistent.h>
      |          ^~~~~~~~~~~~~~~~~~
compilation terminated.
configure:3422: $? = 1
configure: failed program was:
| /* confdefs.h.  */
| 
| #define PACKAGE_NAME ""
| #define PACKAGE_TARNAME ""
| #define PACKAGE_VERSION ""
| #define PACKAGE_STRING ""
| #define PACKAGE_BUGREPORT ""
| #ifdef __cplusplus
| extern "C" void std::exit (int) throw (); using std::exit;
| #endif
| /* end confdefs.h.  */
| #include <ac_nonexistent.h>
configure:3466: checking for X
configure:3698: result: libraries /usr/lib/x86_64-linux-gnu, headers /usr/include
configure:3712: checking for peek__7istream in -lstdc++
configure:3742: gcc -o conftest -g -O2   conftest.c -lstdc++   >&5
/usr/bin/ld: /tmp/ccgRlZTn.o: in function `main':
/home/merck/Code/PACK/ivtools/src_ivtools/conftest.c:23:(.text.startup+0x9): undefined reference to `peek__7istream'
collect2: error: ld returned 1 exit status
configure:3748: $? = 1
configure: failed program was:
| /* confdefs.h.  */
| 
| #define PACKAGE_NAME ""
| #define PACKAGE_TARNAME ""
| #define PACKAGE_VERSION ""
| #define PACKAGE_STRING ""
| #define PACKAGE_BUGREPORT ""
| #ifdef __cplusplus
| extern "C" void std::exit (int) throw (); using std::exit;
| #endif
| /* end confdefs.h.  */
| 
| /* Override any gcc2 internal prototype to avoid an error.  */
| #ifdef __cplusplus
| extern "C"
| #endif
| /* We use char because int might match the return type of a gcc2
|    builtin and then its argument prototype would still apply.  */
| char peek__7istream ();
| int
| main ()
| {
| peek__7istream ();
|   ;
|   return 0;
| }
configure:3774: result: no
configure:3782: checking for _ZNSi4peekEv in -lstdc++
configure:3812: gcc -o conftest -g -O2   conftest.c -lstdc++   >&5
configure:3818: $? = 0
configure:3822: test -z 
			 || test ! -s conftest.err
configure:3825: $? = 0
configure:3828: test -s conftest
configure:3831: $? = 0
configure:3844: result: yes
configure:3892: result: found ./config/linux-gcc.mk 
configure:3932: checking for socklen_t
configure:3955: gcc -c -g -O2  conftest.c >&5
configure:3961: $? = 0
configure:3965: test -z 
			 || test ! -s conftest.err
configure:3968: $? = 0
configure:3971: test -s conftest.o
configure:3974: $? = 0
configure:3986: result: YES
configure:4166: creating ./config.status

## ---------------------- ##
## Running config.status. ##
## ---------------------- ##

This file was extended by config.status, which was
generated by GNU Autoconf 2.59.  Invocation command line was

  CONFIG_FILES    = 
  CONFIG_HEADERS  = 
  CONFIG_LINKS    = 
  CONFIG_COMMANDS = 
  $ ./config.status 

on lnx

config.status:673: creating config/config-linux-gcc.defs

## ---------------- ##
## Cache variables. ##
## ---------------- ##

ac_cv_build=x86_64-pc-linux-gnu
ac_cv_build_alias=x86_64-pc-linux-gnu
ac_cv_c_compiler_gnu=yes
ac_cv_cxx_compiler_gnu=yes
ac_cv_env_CC_set=
ac_cv_env_CC_value=
ac_cv_env_CFLAGS_set=
ac_cv_env_CFLAGS_value=
ac_cv_env_CPPFLAGS_set=
ac_cv_env_CPPFLAGS_value=
ac_cv_env_CPP_set=
ac_cv_env_CPP_value=
ac_cv_env_CXXCPP_set=
ac_cv_env_CXXCPP_value=
ac_cv_env_CXXFLAGS_set=
ac_cv_env_CXXFLAGS_value=
ac_cv_env_CXX_set=
ac_cv_env_CXX_value=
ac_cv_env_LDFLAGS_set=
ac_cv_env_LDFLAGS_value=
ac_cv_env_build_alias_set=
ac_cv_env_build_alias_value=
ac_cv_env_host_alias_set=
ac_cv_env_host_alias_value=
ac_cv_env_target_alias_set=
ac_cv_env_target_alias_value=
ac_cv_exeext=
ac_cv_have_x='have_x=yes 		ac_x_includes=/usr/include ac_x_libraries=/usr/lib/x86_64-linux-gnu'
ac_cv_host=x86_64-pc-linux-gnu
ac_cv_host_alias=x86_64-pc-linux-gnu
ac_cv_lib_stdcpp__ZNSi4peekEv=yes
ac_cv_lib_stdcpp_peek__7istream=no
ac_cv_objext=o
ac_cv_prog_CPP='gcc -E'
ac_cv_prog_CXXCPP='g++ -E'
ac_cv_prog_ac_ct_CC=gcc
ac_cv_prog_ac_ct_CXX=g++
ac_cv_prog_ac_ct_RANLIB=ranlib
ac_cv_prog_cc_g=yes
ac_cv_prog_cc_stdc=
ac_cv_prog_cxx_g=yes
ac_cv_type_socklen_t=YES

## ----------------- ##
## Output variables. ##
## ----------------- ##

ACE=''
ACE_ENABLED='0'
ACE_LIBS=''
CC='gcc'
CFLAGS='-g -O2'
CLIPPOLY=''
CLIPPOLY_ENABLED='0'
CLIPPOLY_LIBS=''
CPP='gcc -E'
CPPFLAGS=''
CXX='g++'
CXXCPP='g++ -E'
CXXFLAGS='-g -O2'
CXX_INCLUDE_DIR=''
DEFS='-DPACKAGE_NAME=\"\" -DPACKAGE_TARNAME=\"\" -DPACKAGE_VERSION=\"\" -DPACKAGE_STRING=\"\" -DPACKAGE_BUGREPORT=\"\" -Dsocklen_t=int '
ECHO_C=''
ECHO_N='-n'
ECHO_T=''
EXEEXT=''
INSTALLRELATIVE='NO'
INSTALLSUBDIR='NO'
IV=''
IV_LIBS=''
LDFLAGS=''
LIBOBJS=''
LIBS=''
LIBSTDCPLUSPLUS2='0'
LIBSTDCPLUSPLUS3='1'
LTLIBOBJS=''
NO_BOOL=''
OBJEXT='o'
PACKAGE_BUGREPORT=''
PACKAGE_NAME=''
PACKAGE_STRING=''
PACKAGE_TARNAME=''
PACKAGE_VERSION=''
PATH_SEPARATOR=':'
PWD='/home/merck/Code/PACK/ivtools/src_ivtools'
QT=''
QTINCS=''
QTLIBS=''
QT_ENABLED='0'
RANLIB='ranlib'
SHELL='/bin/bash'
TIFF=''
TIFFINCS=''
TIFFLIBS=''
TIFF_ENABLED='0'
USERPATH='NO'
ac_ct_CC='gcc'
ac_ct_CXX='g++'
ac_ct_RANLIB='ranlib'
ac_cv_type_socklen_t='YES'
bindir='${exec_prefix}/bin'
build='x86_64-pc-linux-gnu'
build_alias=''
build_cpu='x86_64'
build_os='linux-gnu'
build_vendor='pc'
datadir='${prefix}/share'
exec_prefix='${prefix}'
host='x86_64-pc-linux-gnu'
host_alias=''
host_cpu='x86_64'
host_os='linux-gnu'
host_vendor='pc'
includedir='${prefix}/include'
infodir='${prefix}/info'
libdir='${exec_prefix}/lib'
libexecdir='${exec_prefix}/libexec'
localstatedir='${prefix}/var'
mandir='${prefix}/man'
oldincludedir='/usr/include'
prefix='/usr/local'
program_transform_name='s,x,x,'
sbindir='${exec_prefix}/sbin'
sharedstatedir='${prefix}/com'
sysconfdir='${prefix}/etc'
target_alias=''
x_includes='/usr/include'
x_libraries='/usr/lib/x86_64-linux-gnu'

## ----------- ##
## confdefs.h. ##
## ----------- ##

#define PACKAGE_BUGREPORT ""
#define PACKAGE_NAME ""
#define PACKAGE_STRING ""
#define PACKAGE_TARNAME ""
#define PACKAGE_VERSION ""
#define socklen_t int
#endif
#ifdef __cplusplus
extern "C" void std::exit (int) throw (); using std::exit;

configure: exit 0
